15:38:15.964 INFO - Selenium build info: version: '3.3.1', revision: '5234b32'
15:38:15.964 INFO - Launching a standalone Selenium Server
2017-04-03 15:38:15.983:INFO::main: Logging initialized @267ms to org.seleniumhq.jetty9.util.log.StdErrLog
15:38:16.050 INFO - Driver provider org.openqa.selenium.ie.InternetExplorerDriver registration is skipped:
 registration capabilities Capabilities [{ensureCleanSession=true, browserName=internet explorer, version=, platform=WINDOWS}] does not match the current platform MAC
15:38:16.051 INFO - Driver provider org.openqa.selenium.edge.EdgeDriver registration is skipped:
 registration capabilities Capabilities [{browserName=MicrosoftEdge, version=, platform=WINDOWS}] does not match the current platform MAC
15:38:16.051 INFO - Driver class not found: com.opera.core.systems.OperaDriver
15:38:16.051 INFO - Driver provider com.opera.core.systems.OperaDriver registration is skipped:
Unable to create new instances on this machine.
15:38:16.051 INFO - Driver class not found: com.opera.core.systems.OperaDriver
15:38:16.051 INFO - Driver provider com.opera.core.systems.OperaDriver is not registered
2017-04-03 15:38:16.123:INFO:osjs.Server:main: jetty-9.2.20.v20161216
2017-04-03 15:38:16.172:INFO:osjsh.ContextHandler:main: Started o.s.j.s.ServletContextHandler@604ed9f0{/,null,AVAILABLE}
2017-04-03 15:38:16.200:INFO:osjs.AbstractConnector:main: Started ServerConnector@3ec5389f{HTTP/1.1,[http/1.1]}{0.0.0.0:4444}
2017-04-03 15:38:16.201:INFO:osjs.Server:main: Started @485ms
15:38:16.201 INFO - Selenium Server is up and running
15:38:16.526 INFO - SessionCleaner initialized with insideBrowserTimeout 0 and clientGoneTimeout 1800000 polling every 180000
15:38:16.554 INFO - Executing: [new session: Capabilities [{acceptSslCerts=true, name=Hppp / 03 Other Listing / View Others, browserName=chrome, javascriptEnabled=true, platform=ANY}]])
15:38:16.568 INFO - Creating a new session for Capabilities [{acceptSslCerts=true, name=Hppp / 03 Other Listing / View Others, browserName=chrome, javascriptEnabled=true, platform=ANY}]
Starting ChromeDriver 2.28.455517 (2c6d2707d8ea850c862f04ac066724273981e88f) on port 3958
Only local connections are allowed.
15:38:17.760 INFO - Detected dialect: OSS
15:38:17.799 INFO - Done: [new session: Capabilities [{acceptSslCerts=true, name=Hppp / 03 Other Listing / View Others, browserName=chrome, javascriptEnabled=true, platform=ANY}]]
15:38:17.824 INFO - Executing: [get: https://hotpads.com/])
15:38:19.844 INFO - Done: [get: https://hotpads.com/]
15:38:20.858 INFO - Executing: [find element: By.xpath: //button[contains(text(), "Post a Listing")]])
15:38:20.888 INFO - Done: [find element: By.xpath: //button[contains(text(), "Post a Listing")]]
15:38:20.896 INFO - Executing: [click: 0 [[ChromeDriver: chrome on MAC (41226ccdaa36a49ea9d378c4bdaacdaf)] -> xpath: //button[contains(text(), "Post a Listing")]]])
15:38:21.011 INFO - Done: [click: 0 [[ChromeDriver: chrome on MAC (41226ccdaa36a49ea9d378c4bdaacdaf)] -> xpath: //button[contains(text(), "Post a Listing")]]]
15:38:22.042 INFO - Executing: [find element: By.cssSelector: input[name=email]])
15:38:22.076 INFO - Done: [find element: By.cssSelector: input[name=email]]
15:38:22.086 INFO - Executing: [send keys: 1 [[ChromeDriver: chrome on MAC (41226ccdaa36a49ea9d378c4bdaacdaf)] -> css selector: input[name=email]], [v, -, k, e, v, i, n, w, o, @, z, i, l, l, o, w, g, r, o, u, p, ., c, o, m]])
15:38:22.460 INFO - Done: [send keys: 1 [[ChromeDriver: chrome on MAC (41226ccdaa36a49ea9d378c4bdaacdaf)] -> css selector: input[name=email]], [v, -, k, e, v, i, n, w, o, @, z, i, l, l, o, w, g, r, o, u, p, ., c, o, m]]
15:38:22.467 INFO - Executing: [find element: By.xpath: //button[contains(text(), "Continue")]])
15:38:22.490 INFO - Done: [find element: By.xpath: //button[contains(text(), "Continue")]]
15:38:22.496 INFO - Executing: [click: 2 [[ChromeDriver: chrome on MAC (41226ccdaa36a49ea9d378c4bdaacdaf)] -> xpath: //button[contains(text(), "Continue")]]])
15:38:22.601 INFO - Done: [click: 2 [[ChromeDriver: chrome on MAC (41226ccdaa36a49ea9d378c4bdaacdaf)] -> xpath: //button[contains(text(), "Continue")]]]
15:38:23.617 INFO - Executing: [find element: By.cssSelector: input[name=password]])
15:38:23.647 INFO - Done: [find element: By.cssSelector: input[name=password]]
15:38:23.655 INFO - Executing: [send keys: 3 [[ChromeDriver: chrome on MAC (41226ccdaa36a49ea9d378c4bdaacdaf)] -> css selector: input[name=password]], [t, e, s, t, 1, 2, 3]])
15:38:23.766 INFO - Done: [send keys: 3 [[ChromeDriver: chrome on MAC (41226ccdaa36a49ea9d378c4bdaacdaf)] -> css selector: input[name=password]], [t, e, s, t, 1, 2, 3]]
15:38:23.773 INFO - Executing: [find element: By.xpath: //button[contains(text(), "Sign in")]])
15:38:23.794 INFO - Done: [find element: By.xpath: //button[contains(text(), "Sign in")]]
15:38:23.798 INFO - Executing: [click: 4 [[ChromeDriver: chrome on MAC (41226ccdaa36a49ea9d378c4bdaacdaf)] -> xpath: //button[contains(text(), "Sign in")]]])
15:38:23.858 INFO - Done: [click: 4 [[ChromeDriver: chrome on MAC (41226ccdaa36a49ea9d378c4bdaacdaf)] -> xpath: //button[contains(text(), "Sign in")]]]
15:38:24.868 INFO - Executing: [find element: By.xpath: //a[contains(text(), "here.")]])
15:38:24.889 INFO - Done: [find element: By.xpath: //a[contains(text(), "here.")]]
15:38:24.893 INFO - Executing: [click: 5 [[ChromeDriver: chrome on MAC (41226ccdaa36a49ea9d378c4bdaacdaf)] -> xpath: //a[contains(text(), "here.")]]])
15:38:27.753 INFO - Done: [click: 5 [[ChromeDriver: chrome on MAC (41226ccdaa36a49ea9d378c4bdaacdaf)] -> xpath: //a[contains(text(), "here.")]]]
15:38:28.767 INFO - Executing: [find elements: By.cssSelector: #listing-count])
15:38:28.790 INFO - Done: [find elements: By.cssSelector: #listing-count]
15:38:28.798 INFO - Executing: [get current url])
15:38:28.809 INFO - Done: [get current url]
